0 info it worked if it ends with ok
1 verbose cli [ 'C:\\Program Files\\nodejs\\node.exe',
1 verbose cli   'C:\\Program Files\\nodejs\\node_modules\\npm\\bin\\npm-cli.js',
1 verbose cli   'install',
1 verbose cli   'node' ]
2 info using npm@3.10.10
3 info using node@v6.10.2
4 silly loadCurrentTree Starting
5 silly install loadCurrentTree
6 silly install readLocalPackageData
7 silly fetchPackageMetaData node
8 silly fetchNamedPackageData node
9 silly mapToRegistry name node
10 silly mapToRegistry using default registry
11 silly mapToRegistry registry https://registry.npmjs.org/
12 silly mapToRegistry data Result {
12 silly mapToRegistry   raw: 'node',
12 silly mapToRegistry   scope: null,
12 silly mapToRegistry   escapedName: 'node',
12 silly mapToRegistry   name: 'node',
12 silly mapToRegistry   rawSpec: '',
12 silly mapToRegistry   spec: 'latest',
12 silly mapToRegistry   type: 'tag' }
13 silly mapToRegistry uri https://registry.npmjs.org/node
14 verbose request uri https://registry.npmjs.org/node
15 verbose request no auth needed
16 info attempt registry request try #1 at 9:33:55 PM
17 verbose request id 19d8f64dd950c6ce
18 http request GET https://registry.npmjs.org/node
19 http 200 https://registry.npmjs.org/node
20 verbose headers { server: 'nginx/1.10.3',
20 verbose headers   'content-type': 'application/json',
20 verbose headers   'last-modified': 'Wed, 29 Nov 2017 01:02:28 GMT',
20 verbose headers   etag: 'W/"5a1e0724-517a1"',
20 verbose headers   'content-encoding': 'gzip',
20 verbose headers   'cache-control': 'max-age=300',
20 verbose headers   'content-length': '53824',
20 verbose headers   'accept-ranges': 'bytes',
20 verbose headers   date: 'Fri, 01 Dec 2017 05:33:56 GMT',
20 verbose headers   via: '1.1 varnish',
20 verbose headers   age: '0',
20 verbose headers   connection: 'keep-alive',
20 verbose headers   'x-served-by': 'cache-sjc3123-SJC',
20 verbose headers   'x-cache': 'HIT',
20 verbose headers   'x-cache-hits': '1',
20 verbose headers   'x-timer': 'S1512106436.348527,VS0,VE68',
20 verbose headers   vary: 'Accept-Encoding, Accept' }
21 silly get cb [ 200,
21 silly get   { server: 'nginx/1.10.3',
21 silly get     'content-type': 'application/json',
21 silly get     'last-modified': 'Wed, 29 Nov 2017 01:02:28 GMT',
21 silly get     etag: 'W/"5a1e0724-517a1"',
21 silly get     'content-encoding': 'gzip',
21 silly get     'cache-control': 'max-age=300',
21 silly get     'content-length': '53824',
21 silly get     'accept-ranges': 'bytes',
21 silly get     date: 'Fri, 01 Dec 2017 05:33:56 GMT',
21 silly get     via: '1.1 varnish',
21 silly get     age: '0',
21 silly get     connection: 'keep-alive',
21 silly get     'x-served-by': 'cache-sjc3123-SJC',
21 silly get     'x-cache': 'HIT',
21 silly get     'x-cache-hits': '1',
21 silly get     'x-timer': 'S1512106436.348527,VS0,VE68',
21 silly get     vary: 'Accept-Encoding, Accept' } ]
22 verbose get saving node to C:\Users\a\AppData\Roaming\npm-cache\registry.npmjs.org\node\.cache.json
23 verbose correctMkdir C:\Users\a\AppData\Roaming\npm-cache correctMkdir not in flight; initializing
24 silly install normalizeTree
25 silly loadCurrentTree Finishing
26 silly loadIdealTree Starting
27 silly install loadIdealTree
28 silly cloneCurrentTree Starting
29 silly install cloneCurrentTreeToIdealTree
30 silly cloneCurrentTree Finishing
31 silly loadShrinkwrap Starting
32 silly install loadShrinkwrap
33 silly loadShrinkwrap Finishing
34 silly loadAllDepsIntoIdealTree Starting
35 silly install loadAllDepsIntoIdealTree
36 silly resolveWithNewModule node@9.2.0 checking installable status
37 silly cache add args [ 'node', null ]
38 verbose cache add spec node
39 silly cache add parsed spec Result {
39 silly cache add   raw: 'node',
39 silly cache add   scope: null,
39 silly cache add   escapedName: 'node',
39 silly cache add   name: 'node',
39 silly cache add   rawSpec: '',
39 silly cache add   spec: 'latest',
39 silly cache add   type: 'tag' }
40 silly addNamed node@latest
41 verbose addNamed "latest" is being treated as a dist-tag for node
42 info addNameTag [ 'node', 'latest' ]
43 silly mapToRegistry name node
44 silly mapToRegistry using default registry
45 silly mapToRegistry registry https://registry.npmjs.org/
46 silly mapToRegistry data Result {
46 silly mapToRegistry   raw: 'node',
46 silly mapToRegistry   scope: null,
46 silly mapToRegistry   escapedName: 'node',
46 silly mapToRegistry   name: 'node',
46 silly mapToRegistry   rawSpec: '',
46 silly mapToRegistry   spec: 'latest',
46 silly mapToRegistry   type: 'tag' }
47 silly mapToRegistry uri https://registry.npmjs.org/node
48 verbose addNameTag registry:https://registry.npmjs.org/node not in flight; fetching
49 verbose get https://registry.npmjs.org/node not expired, no request
50 silly addNameTag next cb for node with tag latest
51 silly addNamed node@9.2.0
52 verbose addNamed "9.2.0" is a plain semver version for node
53 silly mapToRegistry name node
54 silly mapToRegistry using default registry
55 silly mapToRegistry registry https://registry.npmjs.org/
56 silly mapToRegistry data Result {
56 silly mapToRegistry   raw: 'node',
56 silly mapToRegistry   scope: null,
56 silly mapToRegistry   escapedName: 'node',
56 silly mapToRegistry   name: 'node',
56 silly mapToRegistry   rawSpec: '',
56 silly mapToRegistry   spec: 'latest',
56 silly mapToRegistry   type: 'tag' }
57 silly mapToRegistry uri https://registry.npmjs.org/node
58 verbose addRemoteTarball https://registry.npmjs.org/node/-/node-9.2.0.tgz not in flight; adding
59 verbose addRemoteTarball [ 'https://registry.npmjs.org/node/-/node-9.2.0.tgz',
59 verbose addRemoteTarball   '1d2171051dbc1856f993bb0dc72fbfdf4b9c9e62' ]
60 info retry fetch attempt 1 at 9:33:56 PM
61 info attempt registry request try #1 at 9:33:56 PM
62 http fetch GET https://registry.npmjs.org/node/-/node-9.2.0.tgz
63 http fetch 200 https://registry.npmjs.org/node/-/node-9.2.0.tgz
64 silly fetchAndShaCheck shasum 1d2171051dbc1856f993bb0dc72fbfdf4b9c9e62
65 verbose addTmpTarball C:\Users\a\AppData\Local\Temp\npm-4400-27955311\registry.npmjs.org\node\-\node-9.2.0.tgz not in flight; adding
66 verbose addTmpTarball already have metadata; skipping unpack for node@9.2.0
67 verbose correctMkdir C:\Users\a\AppData\Roaming\npm-cache correctMkdir not in flight; initializing
68 silly cache afterAdd node@9.2.0
69 verbose afterAdd C:\Users\a\AppData\Roaming\npm-cache\node\9.2.0\package\package.json not in flight; writing
70 verbose correctMkdir C:\Users\a\AppData\Roaming\npm-cache correctMkdir not in flight; initializing
71 verbose afterAdd C:\Users\a\AppData\Roaming\npm-cache\node\9.2.0\package\package.json written
72 silly fetchNamedPackageData node-bin-setup
73 silly mapToRegistry name node-bin-setup
74 silly mapToRegistry using default registry
75 silly mapToRegistry registry https://registry.npmjs.org/
76 silly mapToRegistry data Result {
76 silly mapToRegistry   raw: 'node-bin-setup',
76 silly mapToRegistry   scope: null,
76 silly mapToRegistry   escapedName: 'node-bin-setup',
76 silly mapToRegistry   name: 'node-bin-setup',
76 silly mapToRegistry   rawSpec: '',
76 silly mapToRegistry   spec: 'latest',
76 silly mapToRegistry   type: 'tag' }
77 silly mapToRegistry uri https://registry.npmjs.org/node-bin-setup
78 verbose request uri https://registry.npmjs.org/node-bin-setup
79 verbose request no auth needed
80 info attempt registry request try #1 at 9:33:56 PM
81 http request GET https://registry.npmjs.org/node-bin-setup
82 http 200 https://registry.npmjs.org/node-bin-setup
83 verbose headers { server: 'nginx/1.10.1',
83 verbose headers   'content-type': 'application/json',
83 verbose headers   'last-modified': 'Tue, 25 Jul 2017 03:32:58 GMT',
83 verbose headers   etag: 'W/"5976bbea-1511"',
83 verbose headers   'content-encoding': 'gzip',
83 verbose headers   'cache-control': 'max-age=300',
83 verbose headers   'content-length': '1464',
83 verbose headers   'accept-ranges': 'bytes',
83 verbose headers   date: 'Fri, 01 Dec 2017 05:33:57 GMT',
83 verbose headers   via: '1.1 varnish',
83 verbose headers   age: '0',
83 verbose headers   connection: 'keep-alive',
83 verbose headers   'x-served-by': 'cache-sjc3123-SJC',
83 verbose headers   'x-cache': 'HIT',
83 verbose headers   'x-cache-hits': '1',
83 verbose headers   'x-timer': 'S1512106437.141134,VS0,VE166',
83 verbose headers   vary: 'Accept-Encoding, Accept' }
84 silly get cb [ 200,
84 silly get   { server: 'nginx/1.10.1',
84 silly get     'content-type': 'application/json',
84 silly get     'last-modified': 'Tue, 25 Jul 2017 03:32:58 GMT',
84 silly get     etag: 'W/"5976bbea-1511"',
84 silly get     'content-encoding': 'gzip',
84 silly get     'cache-control': 'max-age=300',
84 silly get     'content-length': '1464',
84 silly get     'accept-ranges': 'bytes',
84 silly get     date: 'Fri, 01 Dec 2017 05:33:57 GMT',
84 silly get     via: '1.1 varnish',
84 silly get     age: '0',
84 silly get     connection: 'keep-alive',
84 silly get     'x-served-by': 'cache-sjc3123-SJC',
84 silly get     'x-cache': 'HIT',
84 silly get     'x-cache-hits': '1',
84 silly get     'x-timer': 'S1512106437.141134,VS0,VE166',
84 silly get     vary: 'Accept-Encoding, Accept' } ]
85 verbose get saving node-bin-setup to C:\Users\a\AppData\Roaming\npm-cache\registry.npmjs.org\node-bin-setup\.cache.json
86 verbose correctMkdir C:\Users\a\AppData\Roaming\npm-cache correctMkdir not in flight; initializing
87 silly resolveWithNewModule node-bin-setup@1.0.6 checking installable status
88 silly cache add args [ 'node-bin-setup@^1.0.0', null ]
89 verbose cache add spec node-bin-setup@^1.0.0
90 silly cache add parsed spec Result {
90 silly cache add   raw: 'node-bin-setup@^1.0.0',
90 silly cache add   scope: null,
90 silly cache add   escapedName: 'node-bin-setup',
90 silly cache add   name: 'node-bin-setup',
90 silly cache add   rawSpec: '^1.0.0',
90 silly cache add   spec: '>=1.0.0 <2.0.0',
90 silly cache add   type: 'range' }
91 silly addNamed node-bin-setup@>=1.0.0 <2.0.0
92 verbose addNamed ">=1.0.0 <2.0.0" is a valid semver range for node-bin-setup
93 silly addNameRange { name: 'node-bin-setup',
93 silly addNameRange   range: '>=1.0.0 <2.0.0',
93 silly addNameRange   hasData: false }
94 silly mapToRegistry name node-bin-setup
95 silly mapToRegistry using default registry
96 silly mapToRegistry registry https://registry.npmjs.org/
97 silly mapToRegistry data Result {
97 silly mapToRegistry   raw: 'node-bin-setup',
97 silly mapToRegistry   scope: null,
97 silly mapToRegistry   escapedName: 'node-bin-setup',
97 silly mapToRegistry   name: 'node-bin-setup',
97 silly mapToRegistry   rawSpec: '',
97 silly mapToRegistry   spec: 'latest',
97 silly mapToRegistry   type: 'tag' }
98 silly mapToRegistry uri https://registry.npmjs.org/node-bin-setup
99 verbose addNameRange registry:https://registry.npmjs.org/node-bin-setup not in flight; fetching
100 verbose get https://registry.npmjs.org/node-bin-setup not expired, no request
101 silly addNameRange number 2 { name: 'node-bin-setup',
101 silly addNameRange   range: '>=1.0.0 <2.0.0',
101 silly addNameRange   hasData: true }
102 silly addNameRange versions [ 'node-bin-setup',
102 silly addNameRange   [ '1.0.0', '1.0.1', '1.0.2', '1.0.3', '1.0.4', '1.0.6' ] ]
103 silly addNamed node-bin-setup@1.0.6
104 verbose addNamed "1.0.6" is a plain semver version for node-bin-setup
105 silly mapToRegistry name node-bin-setup
106 silly mapToRegistry using default registry
107 silly mapToRegistry registry https://registry.npmjs.org/
108 silly mapToRegistry data Result {
108 silly mapToRegistry   raw: 'node-bin-setup',
108 silly mapToRegistry   scope: null,
108 silly mapToRegistry   escapedName: 'node-bin-setup',
108 silly mapToRegistry   name: 'node-bin-setup',
108 silly mapToRegistry   rawSpec: '',
108 silly mapToRegistry   spec: 'latest',
108 silly mapToRegistry   type: 'tag' }
109 silly mapToRegistry uri https://registry.npmjs.org/node-bin-setup
110 verbose addRemoteTarball https://registry.npmjs.org/node-bin-setup/-/node-bin-setup-1.0.6.tgz not in flight; adding
111 verbose addRemoteTarball [ 'https://registry.npmjs.org/node-bin-setup/-/node-bin-setup-1.0.6.tgz',
111 verbose addRemoteTarball   '4b5c9bb937ece702d7069b36ca78af4684677528' ]
112 info retry fetch attempt 1 at 9:33:57 PM
113 info attempt registry request try #1 at 9:33:57 PM
114 http fetch GET https://registry.npmjs.org/node-bin-setup/-/node-bin-setup-1.0.6.tgz
115 http fetch 200 https://registry.npmjs.org/node-bin-setup/-/node-bin-setup-1.0.6.tgz
116 silly fetchAndShaCheck shasum 4b5c9bb937ece702d7069b36ca78af4684677528
117 verbose addTmpTarball C:\Users\a\AppData\Local\Temp\npm-4400-27955311\registry.npmjs.org\node-bin-setup\-\node-bin-setup-1.0.6.tgz not in flight; adding
118 verbose addTmpTarball already have metadata; skipping unpack for node-bin-setup@1.0.6
119 verbose correctMkdir C:\Users\a\AppData\Roaming\npm-cache correctMkdir not in flight; initializing
120 silly cache afterAdd node-bin-setup@1.0.6
121 verbose afterAdd C:\Users\a\AppData\Roaming\npm-cache\node-bin-setup\1.0.6\package\package.json not in flight; writing
122 verbose correctMkdir C:\Users\a\AppData\Roaming\npm-cache correctMkdir not in flight; initializing
123 verbose afterAdd C:\Users\a\AppData\Roaming\npm-cache\node-bin-setup\1.0.6\package\package.json written
124 silly fetchNamedPackageData fsevents
125 silly mapToRegistry name fsevents
126 silly mapToRegistry using default registry
127 silly mapToRegistry registry https://registry.npmjs.org/
128 silly mapToRegistry data Result {
128 silly mapToRegistry   raw: 'fsevents',
128 silly mapToRegistry   scope: null,
128 silly mapToRegistry   escapedName: 'fsevents',
128 silly mapToRegistry   name: 'fsevents',
128 silly mapToRegistry   rawSpec: '',
128 silly mapToRegistry   spec: 'latest',
128 silly mapToRegistry   type: 'tag' }
129 silly mapToRegistry uri https://registry.npmjs.org/fsevents
130 verbose request uri https://registry.npmjs.org/fsevents
131 verbose request no auth needed
132 info attempt registry request try #1 at 9:33:57 PM
133 verbose etag W/"5a1e8efd-e513"
134 verbose lastModified Wed, 29 Nov 2017 10:42:05 GMT
135 http request GET https://registry.npmjs.org/fsevents
136 http 304 https://registry.npmjs.org/fsevents
137 verbose headers { date: 'Fri, 01 Dec 2017 05:33:57 GMT',
137 verbose headers   via: '1.1 varnish',
137 verbose headers   'cache-control': 'max-age=300',
137 verbose headers   etag: 'W/"5a1e8efd-e513"',
137 verbose headers   age: '94',
137 verbose headers   connection: 'keep-alive',
137 verbose headers   'x-served-by': 'cache-sjc3123-SJC',
137 verbose headers   'x-cache': 'HIT',
137 verbose headers   'x-cache-hits': '2',
137 verbose headers   'x-timer': 'S1512106438.727768,VS0,VE0',
137 verbose headers   vary: 'Accept-Encoding, Accept' }
138 silly get cb [ 304,
138 silly get   { date: 'Fri, 01 Dec 2017 05:33:57 GMT',
138 silly get     via: '1.1 varnish',
138 silly get     'cache-control': 'max-age=300',
138 silly get     etag: 'W/"5a1e8efd-e513"',
138 silly get     age: '94',
138 silly get     connection: 'keep-alive',
138 silly get     'x-served-by': 'cache-sjc3123-SJC',
138 silly get     'x-cache': 'HIT',
138 silly get     'x-cache-hits': '2',
138 silly get     'x-timer': 'S1512106438.727768,VS0,VE0',
138 silly get     vary: 'Accept-Encoding, Accept' } ]
139 verbose etag https://registry.npmjs.org/fsevents from cache
140 verbose get saving fsevents to C:\Users\a\AppData\Roaming\npm-cache\registry.npmjs.org\fsevents\.cache.json
141 verbose correctMkdir C:\Users\a\AppData\Roaming\npm-cache correctMkdir not in flight; initializing
142 silly resolveWithNewModule fsevents@1.1.3 checking installable status
143 silly loadAllDepsIntoIdealTree Finishing
144 silly loadIdealTree Finishing
145 silly currentTree recast.ly@1.1.0
145 silly currentTree +-- acorn@5.2.1
145 silly currentTree +-- amdefine@1.0.1
145 silly currentTree +-- ansi-regex@2.1.1
145 silly currentTree +-- ansi-styles@2.2.1
145 silly currentTree +-- anymatch@1.3.2
145 silly currentTree +-- arr-diff@2.0.0
145 silly currentTree +-- arr-flatten@1.1.0
145 silly currentTree +-- array-unique@0.2.1
145 silly currentTree +-- asap@2.0.6
145 silly currentTree +-- assertion-error@1.0.2
145 silly currentTree +-- ast-types@0.9.6
145 silly currentTree +-- async-each@1.0.1
145 silly currentTree +-- babel-cli@6.26.0
145 silly currentTree | +-- glob@7.1.2
145 silly currentTree | `-- source-map@0.5.7
145 silly currentTree +-- babel-code-frame@6.26.0
145 silly currentTree +-- babel-core@6.26.0
145 silly currentTree | `-- source-map@0.5.7
145 silly currentTree +-- babel-generator@6.26.0
145 silly currentTree | `-- source-map@0.5.7
145 silly currentTree +-- babel-helper-builder-react-jsx@6.26.0
145 silly currentTree +-- babel-helper-call-delegate@6.24.1
145 silly currentTree +-- babel-helper-define-map@6.26.0
145 silly currentTree +-- babel-helper-function-name@6.24.1
145 silly currentTree +-- babel-helper-get-function-arity@6.24.1
145 silly currentTree +-- babel-helper-hoist-variables@6.24.1
145 silly currentTree +-- babel-helper-optimise-call-expression@6.24.1
145 silly currentTree +-- babel-helper-regex@6.26.0
145 silly currentTree +-- babel-helper-replace-supers@6.24.1
145 silly currentTree +-- babel-helpers@6.24.1
145 silly currentTree +-- babel-messages@6.23.0
145 silly currentTree +-- babel-plugin-check-es2015-constants@6.22.0
145 silly currentTree +-- babel-plugin-syntax-flow@6.18.0
145 silly currentTree +-- babel-plugin-syntax-jsx@6.18.0
145 silly currentTree +-- babel-plugin-transform-es2015-arrow-functions@6.22.0
145 silly currentTree +-- babel-plugin-transform-es2015-block-scoped-functions@6.22.0
145 silly currentTree +-- babel-plugin-transform-es2015-block-scoping@6.26.0
145 silly currentTree +-- babel-plugin-transform-es2015-classes@6.24.1
145 silly currentTree +-- babel-plugin-transform-es2015-computed-properties@6.24.1
145 silly currentTree +-- babel-plugin-transform-es2015-destructuring@6.23.0
145 silly currentTree +-- babel-plugin-transform-es2015-duplicate-keys@6.24.1
145 silly currentTree +-- babel-plugin-transform-es2015-for-of@6.23.0
145 silly currentTree +-- babel-plugin-transform-es2015-function-name@6.24.1
145 silly currentTree +-- babel-plugin-transform-es2015-literals@6.22.0
145 silly currentTree +-- babel-plugin-transform-es2015-modules-amd@6.24.1
145 silly currentTree +-- babel-plugin-transform-es2015-modules-commonjs@6.26.0
145 silly currentTree +-- babel-plugin-transform-es2015-modules-systemjs@6.24.1
145 silly currentTree +-- babel-plugin-transform-es2015-modules-umd@6.24.1
145 silly currentTree +-- babel-plugin-transform-es2015-object-super@6.24.1
145 silly currentTree +-- babel-plugin-transform-es2015-parameters@6.24.1
145 silly currentTree +-- babel-plugin-transform-es2015-shorthand-properties@6.24.1
145 silly currentTree +-- babel-plugin-transform-es2015-spread@6.22.0
145 silly currentTree +-- babel-plugin-transform-es2015-sticky-regex@6.24.1
145 silly currentTree +-- babel-plugin-transform-es2015-template-literals@6.22.0
145 silly currentTree +-- babel-plugin-transform-es2015-typeof-symbol@6.23.0
145 silly currentTree +-- babel-plugin-transform-es2015-unicode-regex@6.24.1
145 silly currentTree +-- babel-plugin-transform-flow-strip-types@6.22.0
145 silly currentTree +-- babel-plugin-transform-react-display-name@6.25.0
145 silly currentTree +-- babel-plugin-transform-react-jsx-self@6.22.0
145 silly currentTree +-- babel-plugin-transform-react-jsx-source@6.22.0
145 silly currentTree +-- babel-plugin-transform-react-jsx@6.24.1
145 silly currentTree +-- babel-plugin-transform-regenerator@6.26.0
145 silly currentTree +-- babel-plugin-transform-strict-mode@6.24.1
145 silly currentTree +-- babel-polyfill@6.26.0
145 silly currentTree | +-- core-js@2.5.1
145 silly currentTree | `-- regenerator-runtime@0.10.5
145 silly currentTree +-- babel-preset-es2015@6.24.1
145 silly currentTree +-- babel-preset-flow@6.23.0
145 silly currentTree +-- babel-preset-react@6.24.1
145 silly currentTree +-- babel-register@6.26.0
145 silly currentTree | `-- core-js@2.5.1
145 silly currentTree +-- babel-runtime@6.26.0
145 silly currentTree | `-- core-js@2.5.1
145 silly currentTree +-- babel-template@6.26.0
145 silly currentTree +-- babel-traverse@6.26.0
145 silly currentTree +-- babel-types@6.26.0
145 silly currentTree +-- babel-watch@2.0.7
145 silly currentTree +-- babylon@6.18.0
145 silly currentTree +-- balanced-match@1.0.0
145 silly currentTree +-- base62@1.2.1
145 silly currentTree +-- binary-extensions@1.11.0
145 silly currentTree +-- bootstrap@4.0.0-beta.2
145 silly currentTree +-- brace-expansion@1.1.8
145 silly currentTree +-- braces@1.8.5
145 silly currentTree +-- chai@3.5.0
145 silly currentTree +-- chalk@1.1.3
145 silly currentTree +-- chokidar@1.7.0
145 silly currentTree +-- commander@2.12.2
145 silly currentTree +-- commoner@0.10.8
145 silly currentTree +-- concat-map@0.0.1
145 silly currentTree +-- convert-source-map@1.5.1
145 silly currentTree +-- core-js@1.2.7
145 silly currentTree +-- core-util-is@1.0.2
145 silly currentTree +-- debug@2.6.9
145 silly currentTree +-- deep-eql@0.1.3
145 silly currentTree | `-- type-detect@0.1.1
145 silly currentTree +-- defined@1.0.0
145 silly currentTree +-- detect-indent@4.0.0
145 silly currentTree +-- detective@4.6.0
145 silly currentTree +-- diff@1.4.0
145 silly currentTree +-- envify@3.4.1
145 silly currentTree +-- escape-string-regexp@1.0.5
145 silly currentTree +-- esprima-fb@15001.1.0-dev-harmony-fb
145 silly currentTree +-- esutils@2.0.2
145 silly currentTree +-- expand-brackets@0.1.5
145 silly currentTree +-- expand-range@1.8.2
145 silly currentTree +-- extglob@0.3.2
145 silly currentTree +-- fbjs@0.6.1
145 silly currentTree +-- filename-regex@2.0.1
145 silly currentTree +-- fill-range@2.2.3
145 silly currentTree +-- for-in@1.0.2
145 silly currentTree +-- for-own@0.1.5
145 silly currentTree +-- formatio@1.1.1
145 silly currentTree +-- fs-readdir-recursive@1.1.0
145 silly currentTree +-- fs.realpath@1.0.0
145 silly currentTree +-- glob-base@0.3.0
145 silly currentTree +-- glob-parent@2.0.0
145 silly currentTree +-- glob@5.0.15
145 silly currentTree +-- globals@9.18.0
145 silly currentTree +-- graceful-fs@4.1.11
145 silly currentTree +-- growl@1.8.1
145 silly currentTree +-- has-ansi@2.0.0
145 silly currentTree +-- home-or-tmp@2.0.0
145 silly currentTree +-- iconv-lite@0.4.19
145 silly currentTree +-- inflight@1.0.6
145 silly currentTree +-- inherits@2.0.3
145 silly currentTree +-- invariant@2.2.2
145 silly currentTree +-- is-binary-path@1.0.1
145 silly currentTree +-- is-buffer@1.1.6
145 silly currentTree +-- is-dotfile@1.0.3
145 silly currentTree +-- is-equal-shallow@0.1.3
145 silly currentTree +-- is-extendable@0.1.1
145 silly currentTree +-- is-extglob@1.0.0
145 silly currentTree +-- is-finite@1.0.2
145 silly currentTree +-- is-glob@2.0.1
145 silly currentTree +-- is-number@2.1.0
145 silly currentTree +-- is-posix-bracket@0.1.1
145 silly currentTree +-- is-primitive@2.0.0
145 silly currentTree +-- isarray@1.0.0
145 silly currentTree +-- isobject@2.1.0
145 silly currentTree +-- jade@0.26.3
145 silly currentTree | +-- commander@0.6.1
145 silly currentTree | `-- mkdirp@0.3.0
145 silly currentTree +-- jquery@2.2.4
145 silly currentTree +-- js-tokens@3.0.2
145 silly currentTree +-- jsesc@1.3.0
145 silly currentTree +-- json5@0.5.1
145 silly currentTree +-- jstransform@11.0.3
145 silly currentTree +-- kind-of@3.2.2
145 silly currentTree +-- lodash@4.17.4
145 silly currentTree +-- lolex@1.3.2
145 silly currentTree +-- loose-envify@1.3.1
145 silly currentTree +-- lru-cache@2.7.3
145 silly currentTree +-- micromatch@2.3.11
145 silly currentTree +-- minimatch@3.0.4
145 silly currentTree +-- minimist@0.0.8
145 silly currentTree +-- mkdirp@0.5.1
145 silly currentTree +-- mocha@2.3.3
145 silly currentTree | +-- commander@2.3.0
145 silly currentTree | +-- debug@2.0.0
145 silly currentTree | +-- escape-string-regexp@1.0.2
145 silly currentTree | +-- glob@3.2.3
145 silly currentTree | +-- graceful-fs@2.0.3
145 silly currentTree | +-- minimatch@0.2.14
145 silly currentTree | +-- mkdirp@0.5.0
145 silly currentTree | +-- ms@0.6.2
145 silly currentTree | `-- supports-color@1.2.0
145 silly currentTree +-- ms@2.0.0
145 silly currentTree +-- normalize-path@2.1.1
145 silly currentTree +-- number-is-nan@1.0.1
145 silly currentTree +-- object-assign@2.1.1
145 silly currentTree +-- object.omit@2.0.1
145 silly currentTree +-- once@1.4.0
145 silly currentTree +-- os-homedir@1.0.2
145 silly currentTree +-- os-tmpdir@1.0.2
145 silly currentTree +-- output-file-sync@1.1.2
145 silly currentTree | `-- object-assign@4.1.1
145 silly currentTree +-- parse-glob@3.0.4
145 silly currentTree +-- path-is-absolute@1.0.1
145 silly currentTree +-- preserve@0.2.0
145 silly currentTree +-- private@0.1.8
145 silly currentTree +-- process-nextick-args@1.0.7
145 silly currentTree +-- promise@7.3.1
145 silly currentTree +-- q@1.5.1
145 silly currentTree +-- randomatic@1.1.7
145 silly currentTree | +-- is-number@3.0.0
145 silly currentTree | | `-- kind-of@3.2.2
145 silly currentTree | `-- kind-of@4.0.0
145 silly currentTree +-- react-dom@0.14.9
145 silly currentTree +-- react@0.14.9
145 silly currentTree +-- readable-stream@2.3.3
145 silly currentTree +-- readdirp@2.1.0
145 silly currentTree +-- recast@0.11.23
145 silly currentTree | +-- esprima@3.1.3
145 silly currentTree | `-- source-map@0.5.7
145 silly currentTree +-- regenerate@1.3.3
145 silly currentTree +-- regenerator-runtime@0.11.0
145 silly currentTree +-- regenerator-transform@0.10.1
145 silly currentTree +-- regex-cache@0.4.4
145 silly currentTree +-- regexpu-core@2.0.0
145 silly currentTree +-- regjsgen@0.2.0
145 silly currentTree +-- regjsparser@0.1.5
145 silly currentTree | `-- jsesc@0.5.0
145 silly currentTree +-- remove-trailing-separator@1.1.0
145 silly currentTree +-- repeat-element@1.1.2
145 silly currentTree +-- repeat-string@1.6.1
145 silly currentTree +-- repeating@2.0.1
145 silly currentTree +-- safe-buffer@5.1.1
145 silly currentTree +-- samsam@1.1.2
145 silly currentTree +-- set-immediate-shim@1.0.1
145 silly currentTree +-- sigmund@1.0.1
145 silly currentTree +-- sinon@1.17.3
145 silly currentTree +-- slash@1.0.0
145 silly currentTree +-- source-map-support@0.4.18
145 silly currentTree | `-- source-map@0.5.7
145 silly currentTree +-- source-map@0.4.4
145 silly currentTree +-- string_decoder@1.0.3
145 silly currentTree +-- strip-ansi@3.0.1
145 silly currentTree +-- supports-color@2.0.0
145 silly currentTree +-- through@2.3.8
145 silly currentTree +-- to-fast-properties@1.0.3
145 silly currentTree +-- trim-right@1.0.1
145 silly currentTree +-- type-detect@1.0.0
145 silly currentTree +-- ua-parser-js@0.7.17
145 silly currentTree +-- user-home@1.1.1
145 silly currentTree +-- util-deprecate@1.0.2
145 silly currentTree +-- util@0.10.3
145 silly currentTree | `-- inherits@2.0.1
145 silly currentTree +-- v8flags@2.1.1
145 silly currentTree +-- whatwg-fetch@0.9.0
145 silly currentTree `-- wrappy@1.0.2
146 silly idealTree recast.ly@1.1.0
146 silly idealTree +-- acorn@5.2.1
146 silly idealTree +-- amdefine@1.0.1
146 silly idealTree +-- ansi-regex@2.1.1
146 silly idealTree +-- ansi-styles@2.2.1
146 silly idealTree +-- anymatch@1.3.2
146 silly idealTree +-- arr-diff@2.0.0
146 silly idealTree +-- arr-flatten@1.1.0
146 silly idealTree +-- array-unique@0.2.1
146 silly idealTree +-- asap@2.0.6
146 silly idealTree +-- assertion-error@1.0.2
146 silly idealTree +-- ast-types@0.9.6
146 silly idealTree +-- async-each@1.0.1
146 silly idealTree +-- babel-cli@6.26.0
146 silly idealTree | +-- glob@7.1.2
146 silly idealTree | `-- source-map@0.5.7
146 silly idealTree +-- babel-code-frame@6.26.0
146 silly idealTree +-- babel-core@6.26.0
146 silly idealTree | `-- source-map@0.5.7
146 silly idealTree +-- babel-generator@6.26.0
146 silly idealTree | `-- source-map@0.5.7
146 silly idealTree +-- babel-helper-builder-react-jsx@6.26.0
146 silly idealTree +-- babel-helper-call-delegate@6.24.1
146 silly idealTree +-- babel-helper-define-map@6.26.0
146 silly idealTree +-- babel-helper-function-name@6.24.1
146 silly idealTree +-- babel-helper-get-function-arity@6.24.1
146 silly idealTree +-- babel-helper-hoist-variables@6.24.1
146 silly idealTree +-- babel-helper-optimise-call-expression@6.24.1
146 silly idealTree +-- babel-helper-regex@6.26.0
146 silly idealTree +-- babel-helper-replace-supers@6.24.1
146 silly idealTree +-- babel-helpers@6.24.1
146 silly idealTree +-- babel-messages@6.23.0
146 silly idealTree +-- babel-plugin-check-es2015-constants@6.22.0
146 silly idealTree +-- babel-plugin-syntax-flow@6.18.0
146 silly idealTree +-- babel-plugin-syntax-jsx@6.18.0
146 silly idealTree +-- babel-plugin-transform-es2015-arrow-functions@6.22.0
146 silly idealTree +-- babel-plugin-transform-es2015-block-scoped-functions@6.22.0
146 silly idealTree +-- babel-plugin-transform-es2015-block-scoping@6.26.0
146 silly idealTree +-- babel-plugin-transform-es2015-classes@6.24.1
146 silly idealTree +-- babel-plugin-transform-es2015-computed-properties@6.24.1
146 silly idealTree +-- babel-plugin-transform-es2015-destructuring@6.23.0
146 silly idealTree +-- babel-plugin-transform-es2015-duplicate-keys@6.24.1
146 silly idealTree +-- babel-plugin-transform-es2015-for-of@6.23.0
146 silly idealTree +-- babel-plugin-transform-es2015-function-name@6.24.1
146 silly idealTree +-- babel-plugin-transform-es2015-literals@6.22.0
146 silly idealTree +-- babel-plugin-transform-es2015-modules-amd@6.24.1
146 silly idealTree +-- babel-plugin-transform-es2015-modules-commonjs@6.26.0
146 silly idealTree +-- babel-plugin-transform-es2015-modules-systemjs@6.24.1
146 silly idealTree +-- babel-plugin-transform-es2015-modules-umd@6.24.1
146 silly idealTree +-- babel-plugin-transform-es2015-object-super@6.24.1
146 silly idealTree +-- babel-plugin-transform-es2015-parameters@6.24.1
146 silly idealTree +-- babel-plugin-transform-es2015-shorthand-properties@6.24.1
146 silly idealTree +-- babel-plugin-transform-es2015-spread@6.22.0
146 silly idealTree +-- babel-plugin-transform-es2015-sticky-regex@6.24.1
146 silly idealTree +-- babel-plugin-transform-es2015-template-literals@6.22.0
146 silly idealTree +-- babel-plugin-transform-es2015-typeof-symbol@6.23.0
146 silly idealTree +-- babel-plugin-transform-es2015-unicode-regex@6.24.1
146 silly idealTree +-- babel-plugin-transform-flow-strip-types@6.22.0
146 silly idealTree +-- babel-plugin-transform-react-display-name@6.25.0
146 silly idealTree +-- babel-plugin-transform-react-jsx-self@6.22.0
146 silly idealTree +-- babel-plugin-transform-react-jsx-source@6.22.0
146 silly idealTree +-- babel-plugin-transform-react-jsx@6.24.1
146 silly idealTree +-- babel-plugin-transform-regenerator@6.26.0
146 silly idealTree +-- babel-plugin-transform-strict-mode@6.24.1
146 silly idealTree +-- babel-polyfill@6.26.0
146 silly idealTree | +-- core-js@2.5.1
146 silly idealTree | `-- regenerator-runtime@0.10.5
146 silly idealTree +-- babel-preset-es2015@6.24.1
146 silly idealTree +-- babel-preset-flow@6.23.0
146 silly idealTree +-- babel-preset-react@6.24.1
146 silly idealTree +-- babel-register@6.26.0
146 silly idealTree | `-- core-js@2.5.1
146 silly idealTree +-- babel-runtime@6.26.0
146 silly idealTree | `-- core-js@2.5.1
146 silly idealTree +-- babel-template@6.26.0
146 silly idealTree +-- babel-traverse@6.26.0
146 silly idealTree +-- babel-types@6.26.0
146 silly idealTree +-- babel-watch@2.0.7
146 silly idealTree +-- babylon@6.18.0
146 silly idealTree +-- balanced-match@1.0.0
146 silly idealTree +-- base62@1.2.1
146 silly idealTree +-- binary-extensions@1.11.0
146 silly idealTree +-- bootstrap@4.0.0-beta.2
146 silly idealTree +-- brace-expansion@1.1.8
146 silly idealTree +-- braces@1.8.5
146 silly idealTree +-- chai@3.5.0
146 silly idealTree +-- chalk@1.1.3
146 silly idealTree +-- chokidar@1.7.0
146 silly idealTree +-- commander@2.12.2
146 silly idealTree +-- commoner@0.10.8
146 silly idealTree +-- concat-map@0.0.1
146 silly idealTree +-- convert-source-map@1.5.1
146 silly idealTree +-- core-js@1.2.7
146 silly idealTree +-- core-util-is@1.0.2
146 silly idealTree +-- debug@2.6.9
146 silly idealTree +-- deep-eql@0.1.3
146 silly idealTree | `-- type-detect@0.1.1
146 silly idealTree +-- defined@1.0.0
146 silly idealTree +-- detect-indent@4.0.0
146 silly idealTree +-- detective@4.6.0
146 silly idealTree +-- diff@1.4.0
146 silly idealTree +-- envify@3.4.1
146 silly idealTree +-- escape-string-regexp@1.0.5
146 silly idealTree +-- esprima-fb@15001.1.0-dev-harmony-fb
146 silly idealTree +-- esutils@2.0.2
146 silly idealTree +-- expand-brackets@0.1.5
146 silly idealTree +-- expand-range@1.8.2
146 silly idealTree +-- extglob@0.3.2
146 silly idealTree +-- fbjs@0.6.1
146 silly idealTree +-- filename-regex@2.0.1
146 silly idealTree +-- fill-range@2.2.3
146 silly idealTree +-- for-in@1.0.2
146 silly idealTree +-- for-own@0.1.5
146 silly idealTree +-- formatio@1.1.1
146 silly idealTree +-- fs-readdir-recursive@1.1.0
146 silly idealTree +-- fs.realpath@1.0.0
146 silly idealTree +-- glob-base@0.3.0
146 silly idealTree +-- glob-parent@2.0.0
146 silly idealTree +-- glob@5.0.15
146 silly idealTree +-- globals@9.18.0
146 silly idealTree +-- graceful-fs@4.1.11
146 silly idealTree +-- growl@1.8.1
146 silly idealTree +-- has-ansi@2.0.0
146 silly idealTree +-- home-or-tmp@2.0.0
146 silly idealTree +-- iconv-lite@0.4.19
146 silly idealTree +-- inflight@1.0.6
146 silly idealTree +-- inherits@2.0.3
146 silly idealTree +-- invariant@2.2.2
146 silly idealTree +-- is-binary-path@1.0.1
146 silly idealTree +-- is-buffer@1.1.6
146 silly idealTree +-- is-dotfile@1.0.3
146 silly idealTree +-- is-equal-shallow@0.1.3
146 silly idealTree +-- is-extendable@0.1.1
146 silly idealTree +-- is-extglob@1.0.0
146 silly idealTree +-- is-finite@1.0.2
146 silly idealTree +-- is-glob@2.0.1
146 silly idealTree +-- is-number@2.1.0
146 silly idealTree +-- is-posix-bracket@0.1.1
146 silly idealTree +-- is-primitive@2.0.0
146 silly idealTree +-- isarray@1.0.0
146 silly idealTree +-- isobject@2.1.0
146 silly idealTree +-- jade@0.26.3
146 silly idealTree | +-- commander@0.6.1
146 silly idealTree | `-- mkdirp@0.3.0
146 silly idealTree +-- jquery@2.2.4
146 silly idealTree +-- js-tokens@3.0.2
146 silly idealTree +-- jsesc@1.3.0
146 silly idealTree +-- json5@0.5.1
146 silly idealTree +-- jstransform@11.0.3
146 silly idealTree +-- kind-of@3.2.2
146 silly idealTree +-- lodash@4.17.4
146 silly idealTree +-- lolex@1.3.2
146 silly idealTree +-- loose-envify@1.3.1
146 silly idealTree +-- lru-cache@2.7.3
146 silly idealTree +-- micromatch@2.3.11
146 silly idealTree +-- minimatch@3.0.4
146 silly idealTree +-- minimist@0.0.8
146 silly idealTree +-- mkdirp@0.5.1
146 silly idealTree +-- mocha@2.3.3
146 silly idealTree | +-- commander@2.3.0
146 silly idealTree | +-- debug@2.0.0
146 silly idealTree | +-- escape-string-regexp@1.0.2
146 silly idealTree | +-- glob@3.2.3
146 silly idealTree | +-- graceful-fs@2.0.3
146 silly idealTree | +-- minimatch@0.2.14
146 silly idealTree | +-- mkdirp@0.5.0
146 silly idealTree | +-- ms@0.6.2
146 silly idealTree | `-- supports-color@1.2.0
146 silly idealTree +-- ms@2.0.0
146 silly idealTree +-- node-bin-setup@1.0.6
146 silly idealTree +-- node@9.2.0
146 silly idealTree +-- normalize-path@2.1.1
146 silly idealTree +-- number-is-nan@1.0.1
146 silly idealTree +-- object-assign@2.1.1
146 silly idealTree +-- object.omit@2.0.1
146 silly idealTree +-- once@1.4.0
146 silly idealTree +-- os-homedir@1.0.2
146 silly idealTree +-- os-tmpdir@1.0.2
146 silly idealTree +-- output-file-sync@1.1.2
146 silly idealTree | `-- object-assign@4.1.1
146 silly idealTree +-- parse-glob@3.0.4
146 silly idealTree +-- path-is-absolute@1.0.1
146 silly idealTree +-- preserve@0.2.0
146 silly idealTree +-- private@0.1.8
146 silly idealTree +-- process-nextick-args@1.0.7
146 silly idealTree +-- promise@7.3.1
146 silly idealTree +-- q@1.5.1
146 silly idealTree +-- randomatic@1.1.7
146 silly idealTree | +-- is-number@3.0.0
146 silly idealTree | | `-- kind-of@3.2.2
146 silly idealTree | `-- kind-of@4.0.0
146 silly idealTree +-- react-dom@0.14.9
146 silly idealTree +-- react@0.14.9
146 silly idealTree +-- readable-stream@2.3.3
146 silly idealTree +-- readdirp@2.1.0
146 silly idealTree +-- recast@0.11.23
146 silly idealTree | +-- esprima@3.1.3
146 silly idealTree | `-- source-map@0.5.7
146 silly idealTree +-- regenerate@1.3.3
146 silly idealTree +-- regenerator-runtime@0.11.0
146 silly idealTree +-- regenerator-transform@0.10.1
146 silly idealTree +-- regex-cache@0.4.4
146 silly idealTree +-- regexpu-core@2.0.0
146 silly idealTree +-- regjsgen@0.2.0
146 silly idealTree +-- regjsparser@0.1.5
146 silly idealTree | `-- jsesc@0.5.0
146 silly idealTree +-- remove-trailing-separator@1.1.0
146 silly idealTree +-- repeat-element@1.1.2
146 silly idealTree +-- repeat-string@1.6.1
146 silly idealTree +-- repeating@2.0.1
146 silly idealTree +-- safe-buffer@5.1.1
146 silly idealTree +-- samsam@1.1.2
146 silly idealTree +-- set-immediate-shim@1.0.1
146 silly idealTree +-- sigmund@1.0.1
146 silly idealTree +-- sinon@1.17.3
146 silly idealTree +-- slash@1.0.0
146 silly idealTree +-- source-map-support@0.4.18
146 silly idealTree | `-- source-map@0.5.7
146 silly idealTree +-- source-map@0.4.4
146 silly idealTree +-- string_decoder@1.0.3
146 silly idealTree +-- strip-ansi@3.0.1
146 silly idealTree +-- supports-color@2.0.0
146 silly idealTree +-- through@2.3.8
146 silly idealTree +-- to-fast-properties@1.0.3
146 silly idealTree +-- trim-right@1.0.1
146 silly idealTree +-- type-detect@1.0.0
146 silly idealTree +-- ua-parser-js@0.7.17
146 silly idealTree +-- user-home@1.1.1
146 silly idealTree +-- util-deprecate@1.0.2
146 silly idealTree +-- util@0.10.3
146 silly idealTree | `-- inherits@2.0.1
146 silly idealTree +-- v8flags@2.1.1
146 silly idealTree +-- whatwg-fetch@0.9.0
146 silly idealTree `-- wrappy@1.0.2
147 silly generateActionsToTake Starting
148 silly install generateActionsToTake
149 silly generateActionsToTake Finishing
150 silly diffTrees action count 2
151 silly diffTrees add node-bin-setup@1.0.6
152 silly diffTrees add node@9.2.0
153 silly decomposeActions action count 16
154 silly decomposeActions fetch node-bin-setup@1.0.6
155 silly decomposeActions extract node-bin-setup@1.0.6
156 silly decomposeActions test node-bin-setup@1.0.6
157 silly decomposeActions preinstall node-bin-setup@1.0.6
158 silly decomposeActions build node-bin-setup@1.0.6
159 silly decomposeActions install node-bin-setup@1.0.6
160 silly decomposeActions postinstall node-bin-setup@1.0.6
161 silly decomposeActions finalize node-bin-setup@1.0.6
162 silly decomposeActions fetch node@9.2.0
163 silly decomposeActions extract node@9.2.0
164 silly decomposeActions test node@9.2.0
165 silly decomposeActions preinstall node@9.2.0
166 silly decomposeActions build node@9.2.0
167 silly decomposeActions install node@9.2.0
168 silly decomposeActions postinstall node@9.2.0
169 silly decomposeActions finalize node@9.2.0
170 silly runTopLevelLifecycles Starting
171 silly executeActions Starting
172 silly install executeActions
173 silly doSerial global-install 0
174 silly doParallel fetch 2
175 verbose correctMkdir C:\Users\a\AppData\Roaming\npm-cache\_locks correctMkdir not in flight; initializing
176 verbose lock using C:\Users\a\AppData\Roaming\npm-cache\_locks\staging-247c81c625d6f832.lock for C:\Users\a\Desktop\practice\recast.ly\node_modules\.staging
177 silly doParallel extract 2
178 silly extract node-bin-setup@1.0.6
179 silly extract node@9.2.0
180 verbose unbuild node_modules\.staging\node-bin-setup-cb767c99
181 verbose unbuild node_modules\.staging\node-d631b95b
182 silly gentlyRm C:\Users\a\Desktop\practice\recast.ly\node_modules\.staging\node-bin-setup-cb767c99 is being purged from base C:\Users\a\Desktop\practice\recast.ly
183 verbose gentlyRm don't care about contents; nuking C:\Users\a\Desktop\practice\recast.ly\node_modules\.staging\node-bin-setup-cb767c99
184 verbose tar unpack C:\Users\a\AppData\Roaming\npm-cache\node-bin-setup\1.0.6\package.tgz
185 verbose tar unpacking to C:\Users\a\Desktop\practice\recast.ly\node_modules\.staging\node-bin-setup-cb767c99
186 silly gentlyRm C:\Users\a\Desktop\practice\recast.ly\node_modules\.staging\node-bin-setup-cb767c99 is being purged
187 verbose gentlyRm don't care about contents; nuking C:\Users\a\Desktop\practice\recast.ly\node_modules\.staging\node-bin-setup-cb767c99
188 silly gunzTarPerm modes [ '777', '666' ]
189 silly gentlyRm C:\Users\a\Desktop\practice\recast.ly\node_modules\.staging\node-d631b95b is being purged from base C:\Users\a\Desktop\practice\recast.ly
190 verbose gentlyRm don't care about contents; nuking C:\Users\a\Desktop\practice\recast.ly\node_modules\.staging\node-d631b95b
191 verbose tar unpack C:\Users\a\AppData\Roaming\npm-cache\node\9.2.0\package.tgz
192 verbose tar unpacking to C:\Users\a\Desktop\practice\recast.ly\node_modules\.staging\node-d631b95b
193 silly gentlyRm C:\Users\a\Desktop\practice\recast.ly\node_modules\.staging\node-d631b95b is being purged
194 verbose gentlyRm don't care about contents; nuking C:\Users\a\Desktop\practice\recast.ly\node_modules\.staging\node-d631b95b
195 silly gunzTarPerm modes [ '777', '666' ]
196 silly gunzTarPerm extractEntry package.json
197 silly gunzTarPerm modified mode [ 'package.json', 420, 438 ]
198 silly gunzTarPerm extractEntry package.json
199 silly gunzTarPerm modified mode [ 'package.json', 420, 438 ]
200 silly gunzTarPerm extractEntry index.js
201 silly gunzTarPerm modified mode [ 'index.js', 420, 438 ]
202 silly gunzTarPerm extractEntry installArchSpecificPackage.js
203 silly gunzTarPerm modified mode [ 'installArchSpecificPackage.js', 420, 438 ]
204 silly gunzTarPerm extractEntry README.md
205 silly gunzTarPerm modified mode [ 'README.md', 420, 438 ]
206 silly gentlyRm C:\Users\a\Desktop\practice\recast.ly\node_modules\.staging\node-bin-setup-cb767c99\node_modules is being purged
207 verbose gentlyRm don't care about contents; nuking C:\Users\a\Desktop\practice\recast.ly\node_modules\.staging\node-bin-setup-cb767c99\node_modules
208 silly gentlyRm C:\Users\a\Desktop\practice\recast.ly\node_modules\.staging\node-d631b95b\node_modules is being purged
209 verbose gentlyRm don't care about contents; nuking C:\Users\a\Desktop\practice\recast.ly\node_modules\.staging\node-d631b95b\node_modules
210 silly doParallel preinstall 2
211 silly preinstall node-bin-setup@1.0.6 C:\Users\a\Desktop\practice\recast.ly\node_modules\.staging\node-bin-setup-cb767c99
212 info lifecycle node-bin-setup@1.0.6~preinstall: node-bin-setup@1.0.6
213 silly preinstall node@9.2.0 C:\Users\a\Desktop\practice\recast.ly\node_modules\.staging\node-d631b95b
214 info lifecycle node@9.2.0~preinstall: node@9.2.0
215 silly lifecycle node-bin-setup@1.0.6~preinstall: no script for preinstall, continuing
216 verbose lifecycle node@9.2.0~preinstall: unsafe-perm in lifecycle true
217 verbose lifecycle node@9.2.0~preinstall: PATH: C:\Users\a\AppData\Roaming\nvm\v6.10.2\node_modules\npm\bin\node-gyp-bin;C:\Users\a\Desktop\practice\recast.ly\node_modules\.staging\node-d631b95b\node_modules\.bin;C:\Users\a\Desktop\practice\recast.ly\node_modules\.bin;C:\Program Files (x86)\NVIDIA Corporation\PhysX\Common;C:\WINDOWS\system32;C:\WINDOWS;C:\WINDOWS\system32\wbem;C:\ProgramData\Oracle\Java\javapath;C:\WINDOWS\System32\WindowsPowerShell\v1.0;C:\Program Files (x86)\QuickTime\QTSystem;C:\Program Files (x86)\QuickTime\QTSystem\;C:\WINDOWS\System32\Wbem;C:\WINDOWS\System32\WindowsPowerShell\v1.0\;C:\Program Files\Git\cmd;C:\Program Files (x86)\Skype\Phone\;C:\Program Files (x86)\Brackets\command;C:\Users\a\AppData\Roaming\nvm;C:\Program Files\nodejs;C:\Ruby24-x64\bin;C:\Ruby193\bin;C:\Program Files\Ruby193\bin;C:\Users\a\AppData\Local\Microsoft\WindowsApps;C:\Users\a\AppData\Roaming\npm;C:\Users\a\AppData\Local\atom\bin;C:\Users\a\AppData\Local\Microsoft\WindowsApps;C:\Users\a\AppData\Roaming\nvm;C:\Program Files\nodejs
218 verbose lifecycle node@9.2.0~preinstall: CWD: C:\Users\a\Desktop\practice\recast.ly\node_modules\.staging\node-d631b95b
219 silly lifecycle node@9.2.0~preinstall: Args: [ '/d /s /c', 'node installArchSpecificPackage' ]
220 silly lifecycle node@9.2.0~preinstall: Returned: code: 1  signal: null
221 info lifecycle node@9.2.0~preinstall: Failed to exec preinstall script
222 verbose unlock done using C:\Users\a\AppData\Roaming\npm-cache\_locks\staging-247c81c625d6f832.lock for C:\Users\a\Desktop\practice\recast.ly\node_modules\.staging
223 silly rollbackFailedOptional Starting
224 silly rollbackFailedOptional Finishing
225 silly runTopLevelLifecycles Finishing
226 silly install printInstalled
227 warn optional SKIPPING OPTIONAL DEPENDENCY: fsevents@^1.0.0 (node_modules\chokidar\node_modules\fsevents):
228 warn notsup SKIPPING OPTIONAL DEPENDENCY: Unsupported platform for fsevents@1.1.3: wanted {"os":"darwin","arch":"any"} (current: {"os":"win32","arch":"x64"})
229 verbose notsup SKIPPING OPTIONAL DEPENDENCY: Valid OS:    darwin
229 verbose notsup SKIPPING OPTIONAL DEPENDENCY: Valid Arch:  any
229 verbose notsup SKIPPING OPTIONAL DEPENDENCY: Actual OS:   win32
229 verbose notsup SKIPPING OPTIONAL DEPENDENCY: Actual Arch: x64
230 warn bootstrap@4.0.0-beta.2 requires a peer of popper.js@^1.12.3 but none was installed.
231 verbose If you need help, you may report this error at:
231 verbose     <https://github.com/npm/npm/issues>
232 verbose stack Error: node@9.2.0 preinstall: `node installArchSpecificPackage`
232 verbose stack Exit status 1
232 verbose stack     at EventEmitter.<anonymous> (C:\Users\a\AppData\Roaming\nvm\v6.10.2\node_modules\npm\lib\utils\lifecycle.js:255:16)
232 verbose stack     at emitTwo (events.js:106:13)
232 verbose stack     at EventEmitter.emit (events.js:191:7)
232 verbose stack     at ChildProcess.<anonymous> (C:\Users\a\AppData\Roaming\nvm\v6.10.2\node_modules\npm\lib\utils\spawn.js:40:14)
232 verbose stack     at emitTwo (events.js:106:13)
232 verbose stack     at ChildProcess.emit (events.js:191:7)
232 verbose stack     at maybeClose (internal/child_process.js:886:16)
232 verbose stack     at Process.ChildProcess._handle.onexit (internal/child_process.js:226:5)
233 verbose pkgid node@9.2.0
234 verbose cwd C:\Users\a\Desktop\practice\recast.ly
235 error Windows_NT 10.0.15063
236 error argv "C:\\Program Files\\nodejs\\node.exe" "C:\\Program Files\\nodejs\\node_modules\\npm\\bin\\npm-cli.js" "install" "node"
237 error node v6.10.2
238 error npm  v3.10.10
239 error code ELIFECYCLE
240 error node@9.2.0 preinstall: `node installArchSpecificPackage`
240 error Exit status 1
241 error Failed at the node@9.2.0 preinstall script 'node installArchSpecificPackage'.
241 error Make sure you have the latest version of node.js and npm installed.
241 error If you do, this is most likely a problem with the node package,
241 error not with npm itself.
241 error Tell the author that this fails on your system:
241 error     node installArchSpecificPackage
241 error You can get information on how to open an issue for this project with:
241 error     npm bugs node
241 error Or if that isn't available, you can get their info via:
241 error     npm owner ls node
241 error There is likely additional logging output above.
242 verbose exit [ 1, true ]
